app/build/intermediates/manifest_merge_blame_file/release/manifest-merger-blame-release-report.txt
1<?xml version="1.0" encoding="utf-8"?>
2<manifest xmlns:android="http://schemas.android.com/apk/res/android"
3    package="com.frozo.ambientscribe"
4    android:versionCode="1"
5    android:versionName="1.0" >
6
7    <uses-sdk
8        android:minSdkVersion="26"
9        android:targetSdkVersion="34" />
10
11    <!-- Audio recording permissions -->
12    <uses-permission android:name="android.permission.RECORD_AUDIO" />
12-->src/main/AndroidManifest.xml:6:5-71
12-->src/main/AndroidManifest.xml:6:22-68
13    <uses-permission android:name="android.permission.MODIFY_AUDIO_SETTINGS" />
13-->src/main/AndroidManifest.xml:7:5-80
13-->src/main/AndroidManifest.xml:7:22-77
14
15    <!-- Foreground service permissions -->
16    <uses-permission android:name="android.permission.FOREGROUND_SERVICE" />
16-->src/main/AndroidManifest.xml:10:5-77
16-->src/main/AndroidManifest.xml:10:22-74
17    <uses-permission android:name="android.permission.FOREGROUND_SERVICE_MICROPHONE" />
17-->src/main/AndroidManifest.xml:11:5-88
17-->src/main/AndroidManifest.xml:11:22-85
18
19    <!-- Wake lock for audio processing -->
20    <uses-permission android:name="android.permission.WAKE_LOCK" />
20-->src/main/AndroidManifest.xml:14:5-68
20-->src/main/AndroidManifest.xml:14:22-65
21
22    <!-- Network permissions for backend sync (optional) -->
23    <uses-permission android:name="android.permission.INTERNET" />
23-->src/main/AndroidManifest.xml:17:5-67
23-->src/main/AndroidManifest.xml:17:22-64
24    <uses-permission android:name="android.permission.ACCESS_NETWORK_STATE" />
24-->src/main/AndroidManifest.xml:18:5-79
24-->src/main/AndroidManifest.xml:18:22-76
25
26    <!-- Post notifications for Android 13+ -->
27    <uses-permission android:name="android.permission.POST_NOTIFICATIONS" />
27-->src/main/AndroidManifest.xml:21:5-77
27-->src/main/AndroidManifest.xml:21:22-74
28
29    <!-- Battery optimization exemption -->
30    <uses-permission android:name="android.permission.REQUEST_IGNORE_BATTERY_OPTIMIZATIONS" />
30-->src/main/AndroidManifest.xml:24:5-95
30-->src/main/AndroidManifest.xml:24:22-92
31    <uses-permission android:name="android.permission.USE_BIOMETRIC" /> <!-- suppress DeprecatedClassUsageInspection -->
31-->[androidx.biometric:biometric:1.2.0-alpha05] AndroidManifest.xml:22:5-72
31-->[androidx.biometric:biometric:1.2.0-alpha05] AndroidManifest.xml:22:22-69
32    <uses-permission android:name="android.permission.USE_FINGERPRINT" />
32-->[androidx.biometric:biometric:1.2.0-alpha05] AndroidManifest.xml:25:5-74
32-->[androidx.biometric:biometric:1.2.0-alpha05] AndroidManifest.xml:25:22-71
33
34    <permission
34-->[androidx.core:core:1.12.0] AndroidManifest.xml:22:5-24:47
35        android:name="com.frozo.ambientscribe.DYNAMIC_RECEIVER_NOT_EXPORTED_PERMISSION"
35-->[androidx.core:core:1.12.0] AndroidManifest.xml:23:9-81
36        android:protectionLevel="signature" />
36-->[androidx.core:core:1.12.0] AndroidManifest.xml:24:9-44
37
38    <uses-permission android:name="com.frozo.ambientscribe.DYNAMIC_RECEIVER_NOT_EXPORTED_PERMISSION" />
38-->[androidx.core:core:1.12.0] AndroidManifest.xml:26:5-97
38-->[androidx.core:core:1.12.0] AndroidManifest.xml:26:22-94
39
40    <application
40-->src/main/AndroidManifest.xml:26:5-66:19
41        android:name="com.frozo.ambientscribe.AmbientScribeApplication"
41-->src/main/AndroidManifest.xml:27:9-49
42        android:allowBackup="false"
42-->src/main/AndroidManifest.xml:28:9-36
43        android:appComponentFactory="androidx.core.app.CoreComponentFactory"
43-->[androidx.core:core:1.12.0] AndroidManifest.xml:28:18-86
44        android:dataExtractionRules="@xml/data_extraction_rules"
44-->src/main/AndroidManifest.xml:29:9-65
45        android:extractNativeLibs="false"
46        android:fullBackupContent="@xml/backup_rules"
46-->src/main/AndroidManifest.xml:30:9-54
47        android:icon="@mipmap/ic_launcher"
47-->src/main/AndroidManifest.xml:31:9-43
48        android:label="@string/app_name"
48-->src/main/AndroidManifest.xml:32:9-41
49        android:networkSecurityConfig="@xml/network_security_config"
49-->src/main/AndroidManifest.xml:36:9-69
50        android:roundIcon="@mipmap/ic_launcher_round"
50-->src/main/AndroidManifest.xml:33:9-54
51        android:supportsRtl="true"
51-->src/main/AndroidManifest.xml:34:9-35
52        android:theme="@style/Theme.AmbientScribe" >
52-->src/main/AndroidManifest.xml:35:9-51
53        <activity
53-->src/main/AndroidManifest.xml:39:9-47:20
54            android:name="com.frozo.ambientscribe.MainActivity"
54-->src/main/AndroidManifest.xml:40:13-41
55            android:exported="true"
55-->src/main/AndroidManifest.xml:41:13-36
56            android:theme="@style/Theme.AmbientScribe" >
56-->src/main/AndroidManifest.xml:42:13-55
57            <intent-filter>
57-->src/main/AndroidManifest.xml:43:13-46:29
58                <action android:name="android.intent.action.MAIN" />
58-->src/main/AndroidManifest.xml:44:17-69
58-->src/main/AndroidManifest.xml:44:25-66
59
60                <category android:name="android.intent.category.LAUNCHER" />
60-->src/main/AndroidManifest.xml:45:17-77
60-->src/main/AndroidManifest.xml:45:27-74
61            </intent-filter>
62        </activity>
63        <activity
63-->src/main/AndroidManifest.xml:49:9-52:58
64            android:name="com.frozo.ambientscribe.ui.ReviewActivity"
64-->src/main/AndroidManifest.xml:50:13-46
65            android:exported="false"
65-->src/main/AndroidManifest.xml:51:13-37
66            android:theme="@style/Theme.AmbientScribe" />
66-->src/main/AndroidManifest.xml:52:13-55
67
68        <service
68-->src/main/AndroidManifest.xml:54:9-58:58
69            android:name="com.frozo.ambientscribe.audio.AudioCaptureService"
69-->src/main/AndroidManifest.xml:55:13-54
70            android:enabled="true"
70-->src/main/AndroidManifest.xml:56:13-35
71            android:exported="false"
71-->src/main/AndroidManifest.xml:57:13-37
72            android:foregroundServiceType="microphone" />
72-->src/main/AndroidManifest.xml:58:13-55
73        <service
73-->src/main/AndroidManifest.xml:60:9-64:58
74            android:name="com.frozo.ambientscribe.services.DozeExclusionService"
74-->src/main/AndroidManifest.xml:61:13-58
75            android:enabled="true"
75-->src/main/AndroidManifest.xml:62:13-35
76            android:exported="false"
76-->src/main/AndroidManifest.xml:63:13-37
77            android:foregroundServiceType="microphone" />
77-->src/main/AndroidManifest.xml:64:13-55
78
79        <provider
79-->[androidx.emoji2:emoji2:1.2.0] AndroidManifest.xml:24:9-32:20
80            android:name="androidx.startup.InitializationProvider"
80-->[androidx.emoji2:emoji2:1.2.0] AndroidManifest.xml:25:13-67
81            android:authorities="com.frozo.ambientscribe.androidx-startup"
81-->[androidx.emoji2:emoji2:1.2.0] AndroidManifest.xml:26:13-68
82            android:exported="false" >
82-->[androidx.emoji2:emoji2:1.2.0] AndroidManifest.xml:27:13-37
83            <meta-data
83-->[androidx.emoji2:emoji2:1.2.0] AndroidManifest.xml:29:13-31:52
84                android:name="androidx.emoji2.text.EmojiCompatInitializer"
84-->[androidx.emoji2:emoji2:1.2.0] AndroidManifest.xml:30:17-75
85                android:value="androidx.startup" />
85-->[androidx.emoji2:emoji2:1.2.0] AndroidManifest.xml:31:17-49
86            <meta-data
86-->[androidx.lifecycle:lifecycle-process:2.7.0] AndroidManifest.xml:29:13-31:52
87                android:name="androidx.lifecycle.ProcessLifecycleInitializer"
87-->[androidx.lifecycle:lifecycle-process:2.7.0] AndroidManifest.xml:30:17-78
88                android:value="androidx.startup" />
88-->[androidx.lifecycle:lifecycle-process:2.7.0] AndroidManifest.xml:31:17-49
89            <meta-data
89-->[androidx.profileinstaller:profileinstaller:1.3.0] AndroidManifest.xml:29:13-31:52
90                android:name="androidx.profileinstaller.ProfileInstallerInitializer"
90-->[androidx.profileinstaller:profileinstaller:1.3.0] AndroidManifest.xml:30:17-85
91                android:value="androidx.startup" />
91-->[androidx.profileinstaller:profileinstaller:1.3.0] AndroidManifest.xml:31:17-49
92        </provider>
93
94        <receiver
94-->[androidx.profileinstaller:profileinstaller:1.3.0] AndroidManifest.xml:34:9-52:20
95            android:name="androidx.profileinstaller.ProfileInstallReceiver"
95-->[androidx.profileinstaller:profileinstaller:1.3.0] AndroidManifest.xml:35:13-76
96            android:directBootAware="false"
96-->[androidx.profileinstaller:profileinstaller:1.3.0] AndroidManifest.xml:36:13-44
97            android:enabled="true"
97-->[androidx.profileinstaller:profileinstaller:1.3.0] AndroidManifest.xml:37:13-35
98            android:exported="true"
98-->[androidx.profileinstaller:profileinstaller:1.3.0] AndroidManifest.xml:38:13-36
99            android:permission="android.permission.DUMP" >
99-->[androidx.profileinstaller:profileinstaller:1.3.0] AndroidManifest.xml:39:13-57
100            <intent-filter>
100-->[androidx.profileinstaller:profileinstaller:1.3.0] AndroidManifest.xml:40:13-42:29
101                <action android:name="androidx.profileinstaller.action.INSTALL_PROFILE" />
101-->[androidx.profileinstaller:profileinstaller:1.3.0] AndroidManifest.xml:41:17-91
101-->[androidx.profileinstaller:profileinstaller:1.3.0] AndroidManifest.xml:41:25-88
102            </intent-filter>
103            <intent-filter>
103-->[androidx.profileinstaller:profileinstaller:1.3.0] AndroidManifest.xml:43:13-45:29
104                <action android:name="androidx.profileinstaller.action.SKIP_FILE" />
104-->[androidx.profileinstaller:profileinstaller:1.3.0] AndroidManifest.xml:44:17-85
104-->[androidx.profileinstaller:profileinstaller:1.3.0] AndroidManifest.xml:44:25-82
105            </intent-filter>
106            <intent-filter>
106-->[androidx.profileinstaller:profileinstaller:1.3.0] AndroidManifest.xml:46:13-48:29
107                <action android:name="androidx.profileinstaller.action.SAVE_PROFILE" />
107-->[androidx.profileinstaller:profileinstaller:1.3.0] AndroidManifest.xml:47:17-88
107-->[androidx.profileinstaller:profileinstaller:1.3.0] AndroidManifest.xml:47:25-85
108            </intent-filter>
109            <intent-filter>
109-->[androidx.profileinstaller:profileinstaller:1.3.0] AndroidManifest.xml:49:13-51:29
110                <action android:name="androidx.profileinstaller.action.BENCHMARK_OPERATION" />
110-->[androidx.profileinstaller:profileinstaller:1.3.0] AndroidManifest.xml:50:17-95
110-->[androidx.profileinstaller:profileinstaller:1.3.0] AndroidManifest.xml:50:25-92
111            </intent-filter>
112        </receiver>
113    </application>
114
115</manifest>